<?xml version="1.0" encoding="UTF-8"?>
<!-- Generated by org.testng.reporters.JUnitReportReporter -->
<testsuite hostname="DESKTOP-4RIUVM5" failures="0" tests="1" name="com.imit.waits.ImplicitWaitDemo" time="18.114" errors="0" timestamp="2023-11-08T08:29:54 IST" skipped="0">
  <testcase classname="com.imit.waits.ImplicitWaitDemo" name="implicitwaitTest" time="18.114"/>
</testsuite> <!-- com.imit.waits.ImplicitWaitDemo -->
