<?xml version="1.0" encoding="UTF-8"?>
<!-- Generated by org.testng.reporters.JUnitReportReporter -->
<testsuite hostname="DESKTOP-4RIUVM5" failures="0" tests="1" name="com.imit.waits.ExplicitWaitDemo" time="28.126" errors="0" timestamp="2023-11-08T15:40:39 IST" skipped="0">
  <testcase classname="com.imit.waits.ExplicitWaitDemo" name="explicitWaitTest" time="28.126"/>
</testsuite> <!-- com.imit.waits.ExplicitWaitDemo -->
