<?xml version="1.0" encoding="UTF-8"?>
<!-- Generated by org.testng.reporters.JUnitReportReporter -->
<testsuite hostname="DESKTOP-4RIUVM5" failures="0" tests="1" name="com.imit.waits.CheckBoxWait" time="23.053" errors="0" timestamp="2023-11-08T16:03:44 IST" skipped="0">
  <testcase classname="com.imit.waits.CheckBoxWait" name="CheckBoxDemo" time="23.053"/>
</testsuite> <!-- com.imit.waits.CheckBoxWait -->
