<?xml version="1.0" encoding="UTF-8"?>
<!-- Generated by org.testng.reporters.JUnitReportReporter -->
<testsuite hostname="DESKTOP-4RIUVM5" failures="0" tests="1" name="com.imit.test.LoginTest" time="0.041" errors="0" timestamp="2023-11-07T19:36:25 IST" skipped="0">
  <testcase classname="com.imit.test.LoginTest" name="compareTest" time="0.041"/>
</testsuite> <!-- com.imit.test.LoginTest -->
